# JRE version: OpenJDK Runtime Environment (21.0.8) (build 21.0.8+-14196175-b1038.72)
# Java VM: OpenJDK 64-Bit Server VM (21.0.8+-14196175-b1038.72, mixed mode, tiered, compressed oops, compressed class ptrs, g1 gc, windows-amd64)
GC Precious Log:
 CardTable entry size: 512
 Card Set container configuration: InlinePtr #cards 5 size 8 Array Of Cards #cards 12 size 40 Howl #buckets 4 coarsen threshold 1843 Howl Bitmap #cards 512 size 80 coarsen threshold 460 Card regions per heap region 1 cards per card region 2048
 CPUs: 4 total, 4 available
 Memory: 8107M
 Large Page Support: Disabled
 NUMA Support: Disabled
 Compressed Oops: Enabled (32-bit)
 Heap Region Size: 1M
 Heap Min Capacity: 8M
 Heap Initial Capacity: 128M
 Heap Max Capacity: 2G
 Pre-touch: Disabled
 Parallel Workers: 4
 Concurrent Workers: 1
 Concurrent Refinement Workers: 4
 Periodic GC: Disabled
Heap:
 garbage-first heap   total 432128K, used 343040K [0x0000000080000000, 0x0000000100000000)
  region size 1024K, 68 young (69632K), 15 survivors (15360K)
 Metaspace       used 154678K, committed 157568K, reserved 622592K
  class space    used 21710K, committed 23040K, reserved 425984K
GC Heap History (20 events):
Event: 180.704 GC heap before
{Heap before GC invocations=92 (full 0):
 garbage-first heap   total 343040K, used 302706K [0x0000000080000000, 0x0000000100000000)
  region size 1024K, 100 young (102400K), 12 survivors (12288K)
 Metaspace       used 135521K, committed 138304K, reserved 557056K
  class space    used 19217K, committed 20480K, reserved 425984K
}
Event: 180.731 GC heap after
{Heap after GC invocations=93 (full 0):
 garbage-first heap   total 343040K, used 214607K [0x0000000080000000, 0x0000000100000000)
  region size 1024K, 6 young (6144K), 6 survivors (6144K)
 Metaspace       used 135521K, committed 138304K, reserved 557056K
  class space    used 19217K, committed 20480K, reserved 425984K
}
Event: 180.746 GC heap before
{Heap before GC invocations=93 (full 0):
 garbage-first heap   total 343040K, used 214607K [0x0000000080000000, 0x0000000100000000)
  region size 1024K, 7 young (7168K), 6 survivors (6144K)
 Metaspace       used 135521K, committed 138304K, reserved 557056K
  class space    used 19217K, committed 20480K, reserved 425984K
}
Event: 180.756 GC heap after
{Heap after GC invocations=94 (full 0):
 garbage-first heap   total 343040K, used 214607K [0x0000000080000000, 0x0000000100000000)
  region size 1024K, 6 young (6144K), 6 survivors (6144K)
 Metaspace       used 135521K, committed 138304K, reserved 557056K
  class space    used 19217K, committed 20480K, reserved 425984K
}
Event: 186.211 GC heap before
{Heap before GC invocations=95 (full 0):
 garbage-first heap   total 362496K, used 307791K [0x0000000080000000, 0x0000000100000000)
  region size 1024K, 96 young (98304K), 6 survivors (6144K)
 Metaspace       used 136791K, committed 139648K, reserved 557056K
  class space    used 19389K, committed 20672K, reserved 425984K
}
Event: 186.240 GC heap after
{Heap after GC invocations=96 (full 0):
 garbage-first heap   total 362496K, used 227257K [0x0000000080000000, 0x0000000100000000)
  region size 1024K, 12 young (12288K), 12 survivors (12288K)
 Metaspace       used 136791K, committed 139648K, reserved 557056K
  class space    used 19389K, committed 20672K, reserved 425984K
}
Event: 187.383 GC heap before
{Heap before GC invocations=96 (full 0):
 garbage-first heap   total 362496K, used 318393K [0x0000000080000000, 0x0000000100000000)
  region size 1024K, 102 young (104448K), 12 survivors (12288K)
 Metaspace       used 136791K, committed 139648K, reserved 557056K
  class space    used 19389K, committed 20672K, reserved 425984K
}
Event: 187.417 GC heap after
{Heap after GC invocations=97 (full 0):
 garbage-first heap   total 362496K, used 230123K [0x0000000080000000, 0x0000000100000000)
  region size 1024K, 5 young (5120K), 5 survivors (5120K)
 Metaspace       used 136791K, committed 139648K, reserved 557056K
  class space    used 19389K, committed 20672K, reserved 425984K
}
Event: 188.012 GC heap before
{Heap before GC invocations=97 (full 0):
 garbage-first heap   total 362496K, used 269035K [0x0000000080000000, 0x0000000100000000)
  region size 1024K, 45 young (46080K), 5 survivors (5120K)
 Metaspace       used 136837K, committed 139648K, reserved 557056K
  class space    used 19394K, committed 20672K, reserved 425984K
}
Event: 188.025 GC heap after
{Heap after GC invocations=98 (full 0):
 garbage-first heap   total 362496K, used 230953K [0x0000000080000000, 0x0000000100000000)
  region size 1024K, 6 young (6144K), 6 survivors (6144K)
 Metaspace       used 136837K, committed 139648K, reserved 557056K
  class space    used 19394K, committed 20672K, reserved 425984K
}
Event: 190.565 GC heap before
{Heap before GC invocations=99 (full 0):
 garbage-first heap   total 391168K, used 330281K [0x0000000080000000, 0x0000000100000000)
  region size 1024K, 101 young (103424K), 6 survivors (6144K)
 Metaspace       used 137001K, committed 139904K, reserved 557056K
  class space    used 19415K, committed 20736K, reserved 425984K
}
Event: 190.587 GC heap after
{Heap after GC invocations=100 (full 0):
 garbage-first heap   total 391168K, used 240579K [0x0000000080000000, 0x0000000100000000)
  region size 1024K, 13 young (13312K), 13 survivors (13312K)
 Metaspace       used 137001K, committed 139904K, reserved 557056K
  class space    used 19415K, committed 20736K, reserved 425984K
}
Event: 194.456 GC heap before
{Heap before GC invocations=100 (full 0):
 garbage-first heap   total 391168K, used 345027K [0x0000000080000000, 0x0000000100000000)
  region size 1024K, 115 young (117760K), 13 survivors (13312K)
 Metaspace       used 139899K, committed 142784K, reserved 557056K
  class space    used 19839K, committed 21184K, reserved 425984K
}
Event: 194.497 GC heap after
{Heap after GC invocations=101 (full 0):
 garbage-first heap   total 391168K, used 248320K [0x0000000080000000, 0x0000000100000000)
  region size 1024K, 13 young (13312K), 13 survivors (13312K)
 Metaspace       used 139899K, committed 142784K, reserved 557056K
  class space    used 19839K, committed 21184K, reserved 425984K
}
Event: 207.515 GC heap before
{Heap before GC invocations=101 (full 0):
 garbage-first heap   total 391168K, used 354816K [0x0000000080000000, 0x0000000100000000)
  region size 1024K, 117 young (119808K), 13 survivors (13312K)
 Metaspace       used 146320K, committed 149184K, reserved 557056K
  class space    used 20637K, committed 21952K, reserved 425984K
}
Event: 207.616 GC heap after
{Heap after GC invocations=102 (full 0):
 garbage-first heap   total 391168K, used 259072K [0x0000000080000000, 0x0000000100000000)
  region size 1024K, 11 young (11264K), 11 survivors (11264K)
 Metaspace       used 146320K, committed 149184K, reserved 557056K
  class space    used 20637K, committed 21952K, reserved 425984K
}
Event: 221.344 GC heap before
{Heap before GC invocations=103 (full 0):
 garbage-first heap   total 432128K, used 357376K [0x0000000080000000, 0x0000000100000000)
  region size 1024K, 107 young (109568K), 11 survivors (11264K)
 Metaspace       used 147816K, committed 150784K, reserved 557056K
  class space    used 20794K, committed 22144K, reserved 425984K
}
Event: 221.409 GC heap after
{Heap after GC invocations=104 (full 0):
 garbage-first heap   total 432128K, used 275968K [0x0000000080000000, 0x0000000100000000)
  region size 1024K, 14 young (14336K), 14 survivors (14336K)
 Metaspace       used 147816K, committed 150784K, reserved 557056K
  class space    used 20794K, committed 22144K, reserved 425984K
}
Event: 235.944 GC heap before
{Heap before GC invocations=104 (full 0):
 garbage-first heap   total 432128K, used 389632K [0x0000000080000000, 0x0000000100000000)
  region size 1024K, 126 young (129024K), 14 survivors (14336K)
 Metaspace       used 153991K, committed 156864K, reserved 622592K
  class space    used 21609K, committed 22912K, reserved 425984K
}
Event: 236.006 GC heap after
{Heap after GC invocations=105 (full 0):
 garbage-first heap   total 432128K, used 289792K [0x0000000080000000, 0x0000000100000000)
  region size 1024K, 15 young (15360K), 15 survivors (15360K)
 Metaspace       used 153991K, committed 156864K, reserved 622592K
  class space    used 21609K, committed 22912K, reserved 425984K
}

