# JRE version: OpenJDK Runtime Environment (21.0.8) (build 21.0.8+-14196175-b1038.72)
# Java VM: OpenJDK 64-Bit Server VM (21.0.8+-14196175-b1038.72, mixed mode, tiered, compressed oops, compressed class ptrs, g1 gc, windows-amd64)
GC Precious Log:
 CardTable entry size: 512
 Card Set container configuration: InlinePtr #cards 4 size 8 Array Of Cards #cards 16 size 48 Howl #buckets 8 coarsen threshold 3686 Howl Bitmap #cards 512 size 80 coarsen threshold 460 Card regions per heap region 1 cards per card region 4096
 CPUs: 4 total, 4 available
 Memory: 8107M
 Large Page Support: Disabled
 NUMA Support: Disabled
 Compressed Oops: Enabled (Zero based)
 Heap Region Size: 2M
 Heap Min Capacity: 8M
 Heap Initial Capacity: 128M
 Heap Max Capacity: 4G
 Pre-touch: Disabled
 Parallel Workers: 4
 Concurrent Workers: 1
 Concurrent Refinement Workers: 4
 Periodic GC: Disabled
Heap:
 garbage-first heap   total 75776K, used 27772K [0x0000000700000000, 0x0000000800000000)
  region size 2048K, 5 young (10240K), 2 survivors (4096K)
 Metaspace       used 28705K, committed 29248K, reserved 917504K
  class space    used 3731K, committed 3968K, reserved 851968K
GC Heap History (10 events):
Event: 2.401 GC heap before
{Heap before GC invocations=0 (full 0):
 garbage-first heap   total 131072K, used 12288K [0x0000000700000000, 0x0000000800000000)
  region size 2048K, 6 young (12288K), 0 survivors (0K)
 Metaspace       used 7548K, committed 7680K, reserved 917504K
  class space    used 705K, committed 768K, reserved 851968K
}
Event: 2.628 GC heap after
{Heap after GC invocations=1 (full 0):
 garbage-first heap   total 131072K, used 1221K [0x0000000700000000, 0x0000000800000000)
  region size 2048K, 1 young (2048K), 1 survivors (2048K)
 Metaspace       used 7548K, committed 7680K, reserved 917504K
  class space    used 705K, committed 768K, reserved 851968K
}
Event: 4.329 GC heap before
{Heap before GC invocations=1 (full 0):
 garbage-first heap   total 131072K, used 21701K [0x0000000700000000, 0x0000000800000000)
  region size 2048K, 10 young (20480K), 1 survivors (2048K)
 Metaspace       used 8287K, committed 8448K, reserved 917504K
  class space    used 750K, committed 832K, reserved 851968K
}
Event: 4.337 GC heap after
{Heap after GC invocations=2 (full 0):
 garbage-first heap   total 131072K, used 10691K [0x0000000700000000, 0x0000000800000000)
  region size 2048K, 2 young (4096K), 2 survivors (4096K)
 Metaspace       used 8287K, committed 8448K, reserved 917504K
  class space    used 750K, committed 832K, reserved 851968K
}
Event: 12.524 GC heap before
{Heap before GC invocations=2 (full 0):
 garbage-first heap   total 131072K, used 82371K [0x0000000700000000, 0x0000000800000000)
  region size 2048K, 38 young (77824K), 2 survivors (4096K)
 Metaspace       used 12453K, committed 12672K, reserved 917504K
  class space    used 1349K, committed 1472K, reserved 851968K
}
Event: 12.544 GC heap after
{Heap after GC invocations=3 (full 0):
 garbage-first heap   total 131072K, used 16882K [0x0000000700000000, 0x0000000800000000)
  region size 2048K, 5 young (10240K), 5 survivors (10240K)
 Metaspace       used 12453K, committed 12672K, reserved 917504K
  class space    used 1349K, committed 1472K, reserved 851968K
}
Event: 18.113 GC heap before
{Heap before GC invocations=3 (full 0):
 garbage-first heap   total 131072K, used 53746K [0x0000000700000000, 0x0000000800000000)
  region size 2048K, 24 young (49152K), 5 survivors (10240K)
 Metaspace       used 21212K, committed 21504K, reserved 917504K
  class space    used 2533K, committed 2688K, reserved 851968K
}
Event: 18.144 GC heap after
{Heap after GC invocations=4 (full 0):
 garbage-first heap   total 131072K, used 20766K [0x0000000700000000, 0x0000000800000000)
  region size 2048K, 2 young (4096K), 2 survivors (4096K)
 Metaspace       used 21212K, committed 21504K, reserved 917504K
  class space    used 2533K, committed 2688K, reserved 851968K
}
Event: 20.543 GC heap before
{Heap before GC invocations=5 (full 0):
 garbage-first heap   total 75776K, used 61726K [0x0000000700000000, 0x0000000800000000)
  region size 2048K, 22 young (45056K), 2 survivors (4096K)
 Metaspace       used 28052K, committed 28544K, reserved 917504K
  class space    used 3604K, committed 3840K, reserved 851968K
}
Event: 20.554 GC heap after
{Heap after GC invocations=6 (full 0):
 garbage-first heap   total 75776K, used 23676K [0x0000000700000000, 0x0000000800000000)
  region size 2048K, 2 young (4096K), 2 survivors (4096K)
 Metaspace       used 28052K, committed 28544K, reserved 917504K
  class space    used 3604K, committed 3840K, reserved 851968K
}

