# JRE version: OpenJDK Runtime Environment (21.0.8) (build 21.0.8+-14196175-b1038.72)
# Java VM: OpenJDK 64-Bit Server VM (21.0.8+-14196175-b1038.72, mixed mode, tiered, compressed oops, compressed class ptrs, g1 gc, windows-amd64)
GC Precious Log:
 CardTable entry size: 512
 Card Set container configuration: InlinePtr #cards 5 size 8 Array Of Cards #cards 12 size 40 Howl #buckets 4 coarsen threshold 1843 Howl Bitmap #cards 512 size 80 coarsen threshold 460 Card regions per heap region 1 cards per card region 2048
 CPUs: 4 total, 4 available
 Memory: 8107M
 Large Page Support: Disabled
 NUMA Support: Disabled
 Compressed Oops: Enabled (32-bit)
 Heap Region Size: 1M
 Heap Min Capacity: 8M
 Heap Initial Capacity: 128M
 Heap Max Capacity: 1G
 Pre-touch: Disabled
 Parallel Workers: 4
 Concurrent Workers: 1
 Concurrent Refinement Workers: 4
 Periodic GC: Disabled
Heap:
 garbage-first heap   total 150528K, used 116406K [0x00000000c0000000, 0x0000000100000000)
  region size 1024K, 30 young (30720K), 1 survivors (1024K)
 Metaspace       used 108316K, committed 110592K, reserved 557056K
  class space    used 15182K, committed 16256K, reserved 425984K
GC Heap History (20 events):
Event: 68.132 GC heap before
{Heap before GC invocations=39 (full 0):
 garbage-first heap   total 101376K, used 88498K [0x00000000c0000000, 0x0000000100000000)
  region size 1024K, 30 young (30720K), 5 survivors (5120K)
 Metaspace       used 87434K, committed 89408K, reserved 557056K
  class space    used 12372K, committed 13312K, reserved 425984K
}
Event: 68.144 GC heap after
{Heap after GC invocations=40 (full 0):
 garbage-first heap   total 101376K, used 63544K [0x00000000c0000000, 0x0000000100000000)
  region size 1024K, 1 young (1024K), 1 survivors (1024K)
 Metaspace       used 87434K, committed 89408K, reserved 557056K
  class space    used 12372K, committed 13312K, reserved 425984K
}
Event: 68.975 GC heap before
{Heap before GC invocations=41 (full 0):
 garbage-first heap   total 107520K, used 91192K [0x00000000c0000000, 0x0000000100000000)
  region size 1024K, 29 young (29696K), 1 survivors (1024K)
 Metaspace       used 89824K, committed 91776K, reserved 557056K
  class space    used 12730K, committed 13632K, reserved 425984K
}
Event: 68.982 GC heap after
{Heap after GC invocations=42 (full 0):
 garbage-first heap   total 107520K, used 64494K [0x00000000c0000000, 0x0000000100000000)
  region size 1024K, 2 young (2048K), 2 survivors (2048K)
 Metaspace       used 89824K, committed 91776K, reserved 557056K
  class space    used 12730K, committed 13632K, reserved 425984K
}
Event: 72.081 GC heap before
{Heap before GC invocations=42 (full 0):
 garbage-first heap   total 107520K, used 97262K [0x00000000c0000000, 0x0000000100000000)
  region size 1024K, 35 young (35840K), 2 survivors (2048K)
 Metaspace       used 91501K, committed 93568K, reserved 557056K
  class space    used 12974K, committed 13952K, reserved 425984K
}
Event: 72.101 GC heap after
{Heap after GC invocations=43 (full 0):
 garbage-first heap   total 107520K, used 64806K [0x00000000c0000000, 0x0000000100000000)
  region size 1024K, 4 young (4096K), 4 survivors (4096K)
 Metaspace       used 91501K, committed 93568K, reserved 557056K
  class space    used 12974K, committed 13952K, reserved 425984K
}
Event: 77.726 GC heap before
{Heap before GC invocations=43 (full 0):
 garbage-first heap   total 107520K, used 96550K [0x00000000c0000000, 0x0000000100000000)
  region size 1024K, 35 young (35840K), 4 survivors (4096K)
 Metaspace       used 91898K, committed 93952K, reserved 557056K
  class space    used 12985K, committed 13952K, reserved 425984K
}
Event: 77.755 GC heap after
{Heap after GC invocations=44 (full 0):
 garbage-first heap   total 107520K, used 70281K [0x00000000c0000000, 0x0000000100000000)
  region size 1024K, 5 young (5120K), 5 survivors (5120K)
 Metaspace       used 91898K, committed 93952K, reserved 557056K
  class space    used 12985K, committed 13952K, reserved 425984K
}
Event: 82.112 GC heap before
{Heap before GC invocations=45 (full 0):
 garbage-first heap   total 117760K, used 93833K [0x00000000c0000000, 0x0000000100000000)
  region size 1024K, 29 young (29696K), 5 survivors (5120K)
 Metaspace       used 93757K, committed 95872K, reserved 557056K
  class space    used 13302K, committed 14336K, reserved 425984K
}
Event: 82.138 GC heap after
{Heap after GC invocations=46 (full 0):
 garbage-first heap   total 117760K, used 70887K [0x00000000c0000000, 0x0000000100000000)
  region size 1024K, 2 young (2048K), 2 survivors (2048K)
 Metaspace       used 93757K, committed 95872K, reserved 557056K
  class space    used 13302K, committed 14336K, reserved 425984K
}
Event: 90.953 GC heap before
{Heap before GC invocations=46 (full 0):
 garbage-first heap   total 117760K, used 105703K [0x00000000c0000000, 0x0000000100000000)
  region size 1024K, 37 young (37888K), 2 survivors (2048K)
 Metaspace       used 96898K, committed 99072K, reserved 557056K
  class space    used 13811K, committed 14848K, reserved 425984K
}
Event: 90.970 GC heap after
{Heap after GC invocations=47 (full 0):
 garbage-first heap   total 117760K, used 74179K [0x00000000c0000000, 0x0000000100000000)
  region size 1024K, 5 young (5120K), 5 survivors (5120K)
 Metaspace       used 96898K, committed 99072K, reserved 557056K
  class space    used 13811K, committed 14848K, reserved 425984K
}
Event: 92.903 GC heap before
{Heap before GC invocations=47 (full 0):
 garbage-first heap   total 117760K, used 103875K [0x00000000c0000000, 0x0000000100000000)
  region size 1024K, 35 young (35840K), 5 survivors (5120K)
 Metaspace       used 98370K, committed 100480K, reserved 557056K
  class space    used 14051K, committed 15040K, reserved 425984K
}
Event: 92.921 GC heap after
{Heap after GC invocations=48 (full 0):
 garbage-first heap   total 117760K, used 79303K [0x00000000c0000000, 0x0000000100000000)
  region size 1024K, 5 young (5120K), 5 survivors (5120K)
 Metaspace       used 98370K, committed 100480K, reserved 557056K
  class space    used 14051K, committed 15040K, reserved 425984K
}
Event: 94.600 GC heap before
{Heap before GC invocations=49 (full 0):
 garbage-first heap   total 132096K, used 103879K [0x00000000c0000000, 0x0000000100000000)
  region size 1024K, 30 young (30720K), 5 survivors (5120K)
 Metaspace       used 100648K, committed 102784K, reserved 557056K
  class space    used 14314K, committed 15360K, reserved 425984K
}
Event: 94.614 GC heap after
{Heap after GC invocations=50 (full 0):
 garbage-first heap   total 132096K, used 81706K [0x00000000c0000000, 0x0000000100000000)
  region size 1024K, 4 young (4096K), 4 survivors (4096K)
 Metaspace       used 100648K, committed 102784K, reserved 557056K
  class space    used 14314K, committed 15360K, reserved 425984K
}
Event: 131.720 GC heap before
{Heap before GC invocations=50 (full 0):
 garbage-first heap   total 132096K, used 116522K [0x00000000c0000000, 0x0000000100000000)
  region size 1024K, 39 young (39936K), 4 survivors (4096K)
 Metaspace       used 104032K, committed 106240K, reserved 557056K
  class space    used 14828K, committed 15872K, reserved 425984K
}
Event: 131.734 GC heap after
{Heap after GC invocations=51 (full 0):
 garbage-first heap   total 132096K, used 83128K [0x00000000c0000000, 0x0000000100000000)
  region size 1024K, 3 young (3072K), 3 survivors (3072K)
 Metaspace       used 104032K, committed 106240K, reserved 557056K
  class space    used 14828K, committed 15872K, reserved 425984K
}
Event: 131.807 GC heap before
{Heap before GC invocations=51 (full 0):
 garbage-first heap   total 132096K, used 84152K [0x00000000c0000000, 0x0000000100000000)
  region size 1024K, 5 young (5120K), 3 survivors (3072K)
 Metaspace       used 104175K, committed 106368K, reserved 557056K
  class space    used 14846K, committed 15872K, reserved 425984K
}
Event: 131.814 GC heap after
{Heap after GC invocations=52 (full 0):
 garbage-first heap   total 132096K, used 83638K [0x00000000c0000000, 0x0000000100000000)
  region size 1024K, 1 young (1024K), 1 survivors (1024K)
 Metaspace       used 104175K, committed 106368K, reserved 557056K
  class space    used 14846K, committed 15872K, reserved 425984K
}

